android/app/build/intermediates/manifest_merge_blame_file/debug/manifest-merger-blame-debug-report.txt
1<?xml version="1.0" encoding="utf-8"?>
2<manifest xmlns:android="http://schemas.android.com/apk/res/android"
3    package="com.withme"
4    android:versionCode="1"
5    android:versionName="1.0" >
6
7    <uses-sdk
8        android:minSdkVersion="21"
9        android:targetSdkVersion="30" />
10
11    <uses-permission android:name="android.permission.SYSTEM_ALERT_WINDOW" />
11-->src/debug/AndroidManifest.xml:5:5-77
11-->src/debug/AndroidManifest.xml:5:22-75
12    <uses-permission android:name="android.permission.INTERNET" />
12-->src/main/AndroidManifest.xml:4:5-67
12-->src/main/AndroidManifest.xml:4:22-64
13    <uses-permission android:name="android.speech.RecognitionService" />
13-->src/main/AndroidManifest.xml:5:5-73
13-->src/main/AndroidManifest.xml:5:22-70
14    <uses-permission android:name="android.permission.ACCESS_WIFI_STATE" />
14-->[com.facebook.flipper:flipper:0.93.0] AndroidManifest.xml:16:5-76
14-->[com.facebook.flipper:flipper:0.93.0] AndroidManifest.xml:16:22-73
15    <uses-permission android:name="android.permission.RECORD_AUDIO" />
15-->[:react-native-voice_voice] AndroidManifest.xml:11:5-71
15-->[:react-native-voice_voice] AndroidManifest.xml:11:22-68
16    <uses-permission android:name="android.permission.CAMERA" />
16-->[:react-native-camera] AndroidManifest.xml:9:5-65
16-->[:react-native-camera] AndroidManifest.xml:9:22-62
17
18    <uses-feature
18-->[:react-native-camera] AndroidManifest.xml:11:5-13:36
19        android:name="android.hardware.camera"
19-->[:react-native-camera] AndroidManifest.xml:12:9-47
20        android:required="false" />
20-->[:react-native-camera] AndroidManifest.xml:13:9-33
21    <uses-feature
21-->[:react-native-camera] AndroidManifest.xml:14:5-16:36
22        android:name="android.hardware.camera.autofocus"
22-->[:react-native-camera] AndroidManifest.xml:15:9-57
23        android:required="false" /> <!-- Although the *SdkVersion is captured in gradle build files, this is required for non gradle builds -->
23-->[:react-native-camera] AndroidManifest.xml:16:9-33
24    <!-- <uses-sdk android:minSdkVersion="14"/> -->
25    <uses-permission android:name="android.permission.ACCESS_NETWORK_STATE" />
25-->[com.google.android.datatransport:transport-backend-cct:2.3.3] AndroidManifest.xml:25:5-79
25-->[com.google.android.datatransport:transport-backend-cct:2.3.3] AndroidManifest.xml:25:22-76
26
27    <application
27-->src/main/AndroidManifest.xml:7:5-25:19
28        android:name="com.withme.MainApplication"
28-->src/main/AndroidManifest.xml:8:7-38
29        android:allowBackup="false"
29-->src/main/AndroidManifest.xml:12:7-34
30        android:appComponentFactory="androidx.core.app.CoreComponentFactory"
30-->[androidx.core:core:1.2.0] AndroidManifest.xml:24:18-86
31        android:debuggable="true"
32        android:icon="@mipmap/ic_launcher"
32-->src/main/AndroidManifest.xml:10:7-41
33        android:label="@string/app_name"
33-->src/main/AndroidManifest.xml:9:7-39
34        android:roundIcon="@mipmap/ic_launcher_round"
34-->src/main/AndroidManifest.xml:11:7-52
35        android:testOnly="true"
36        android:theme="@style/AppTheme"
36-->src/main/AndroidManifest.xml:13:7-38
37        android:usesCleartextTraffic="true" >
37-->src/debug/AndroidManifest.xml:8:9-44
38        <activity android:name="com.facebook.react.devsupport.DevSettingsActivity" />
38-->src/debug/AndroidManifest.xml:11:9-86
38-->src/debug/AndroidManifest.xml:11:19-83
39        <activity
39-->src/main/AndroidManifest.xml:14:7-24:18
40            android:name="com.withme.MainActivity"
40-->src/main/AndroidManifest.xml:15:9-37
41            android:configChanges="keyboard|keyboardHidden|orientation|screenSize|uiMode"
41-->src/main/AndroidManifest.xml:17:9-86
42            android:label="@string/app_name"
42-->src/main/AndroidManifest.xml:16:9-41
43            android:launchMode="singleTask"
43-->src/main/AndroidManifest.xml:18:9-40
44            android:windowSoftInputMode="adjustResize" >
44-->src/main/AndroidManifest.xml:19:9-51
45            <intent-filter>
45-->src/main/AndroidManifest.xml:20:9-23:25
46                <action android:name="android.intent.action.MAIN" />
46-->src/main/AndroidManifest.xml:21:13-65
46-->src/main/AndroidManifest.xml:21:21-62
47
48                <category android:name="android.intent.category.LAUNCHER" />
48-->src/main/AndroidManifest.xml:22:13-73
48-->src/main/AndroidManifest.xml:22:23-70
49            </intent-filter>
50        </activity>
51
52        <service
52-->[com.google.android.gms:play-services-mlkit-barcode-scanning:16.2.0] AndroidManifest.xml:9:9-15:19
53            android:name="com.google.mlkit.common.internal.MlKitComponentDiscoveryService"
53-->[com.google.android.gms:play-services-mlkit-barcode-scanning:16.2.0] AndroidManifest.xml:10:13-91
54            android:directBootAware="true"
54-->[com.google.mlkit:common:17.2.0] AndroidManifest.xml:17:13-43
55            android:exported="false" >
55-->[com.google.android.gms:play-services-mlkit-barcode-scanning:16.2.0] AndroidManifest.xml:11:13-37
56            <meta-data
56-->[com.google.android.gms:play-services-mlkit-barcode-scanning:16.2.0] AndroidManifest.xml:12:13-14:85
57                android:name="com.google.firebase.components:com.google.mlkit.vision.barcode.internal.BarcodeRegistrar"
57-->[com.google.android.gms:play-services-mlkit-barcode-scanning:16.2.0] AndroidManifest.xml:13:17-120
58                android:value="com.google.firebase.components.ComponentRegistrar" />
58-->[com.google.android.gms:play-services-mlkit-barcode-scanning:16.2.0] AndroidManifest.xml:14:17-82
59            <meta-data
59-->[com.google.android.gms:play-services-mlkit-face-detection:16.2.0] AndroidManifest.xml:12:13-14:85
60                android:name="com.google.firebase.components:com.google.mlkit.vision.face.internal.FaceRegistrar"
60-->[com.google.android.gms:play-services-mlkit-face-detection:16.2.0] AndroidManifest.xml:13:17-114
61                android:value="com.google.firebase.components.ComponentRegistrar" />
61-->[com.google.android.gms:play-services-mlkit-face-detection:16.2.0] AndroidManifest.xml:14:17-82
62            <meta-data
62-->[com.google.android.gms:play-services-mlkit-text-recognition:16.3.0] AndroidManifest.xml:12:13-14:85
63                android:name="com.google.firebase.components:com.google.mlkit.vision.text.internal.TextRegistrar"
63-->[com.google.android.gms:play-services-mlkit-text-recognition:16.3.0] AndroidManifest.xml:13:17-114
64                android:value="com.google.firebase.components.ComponentRegistrar" />
64-->[com.google.android.gms:play-services-mlkit-text-recognition:16.3.0] AndroidManifest.xml:14:17-82
65            <meta-data
65-->[com.google.mlkit:vision-common:16.5.0] AndroidManifest.xml:12:13-14:85
66                android:name="com.google.firebase.components:com.google.mlkit.vision.common.internal.VisionCommonRegistrar"
66-->[com.google.mlkit:vision-common:16.5.0] AndroidManifest.xml:13:17-124
67                android:value="com.google.firebase.components.ComponentRegistrar" />
67-->[com.google.mlkit:vision-common:16.5.0] AndroidManifest.xml:14:17-82
68            <meta-data
68-->[com.google.mlkit:common:17.2.0] AndroidManifest.xml:20:13-22:85
69                android:name="com.google.firebase.components:com.google.mlkit.common.internal.CommonComponentRegistrar"
69-->[com.google.mlkit:common:17.2.0] AndroidManifest.xml:21:17-120
70                android:value="com.google.firebase.components.ComponentRegistrar" />
70-->[com.google.mlkit:common:17.2.0] AndroidManifest.xml:22:17-82
71        </service>
72
73        <provider
73-->[com.google.mlkit:common:17.2.0] AndroidManifest.xml:9:9-13:38
74            android:name="com.google.mlkit.common.internal.MlKitInitProvider"
74-->[com.google.mlkit:common:17.2.0] AndroidManifest.xml:10:13-78
75            android:authorities="com.withme.mlkitinitprovider"
75-->[com.google.mlkit:common:17.2.0] AndroidManifest.xml:11:13-69
76            android:exported="false"
76-->[com.google.mlkit:common:17.2.0] AndroidManifest.xml:12:13-37
77            android:initOrder="99" />
77-->[com.google.mlkit:common:17.2.0] AndroidManifest.xml:13:13-35
78
79        <service
79-->[com.google.android.datatransport:transport-backend-cct:2.3.3] AndroidManifest.xml:29:9-35:19
80            android:name="com.google.android.datatransport.runtime.backends.TransportBackendDiscovery"
80-->[com.google.android.datatransport:transport-backend-cct:2.3.3] AndroidManifest.xml:30:13-103
81            android:exported="false" >
81-->[com.google.android.datatransport:transport-backend-cct:2.3.3] AndroidManifest.xml:31:13-37
82            <meta-data
82-->[com.google.android.datatransport:transport-backend-cct:2.3.3] AndroidManifest.xml:32:13-34:39
83                android:name="backend:com.google.android.datatransport.cct.CctBackendFactory"
83-->[com.google.android.datatransport:transport-backend-cct:2.3.3] AndroidManifest.xml:33:17-94
84                android:value="cct" />
84-->[com.google.android.datatransport:transport-backend-cct:2.3.3] AndroidManifest.xml:34:17-36
85        </service>
86        <service
86-->[com.google.android.datatransport:transport-runtime:2.2.6] AndroidManifest.xml:26:9-30:19
87            android:name="com.google.android.datatransport.runtime.scheduling.jobscheduling.JobInfoSchedulerService"
87-->[com.google.android.datatransport:transport-runtime:2.2.6] AndroidManifest.xml:27:13-117
88            android:exported="false"
88-->[com.google.android.datatransport:transport-runtime:2.2.6] AndroidManifest.xml:28:13-37
89            android:permission="android.permission.BIND_JOB_SERVICE" >
89-->[com.google.android.datatransport:transport-runtime:2.2.6] AndroidManifest.xml:29:13-69
90        </service>
91
92        <receiver
92-->[com.google.android.datatransport:transport-runtime:2.2.6] AndroidManifest.xml:32:9-34:40
93            android:name="com.google.android.datatransport.runtime.scheduling.jobscheduling.AlarmManagerSchedulerBroadcastReceiver"
93-->[com.google.android.datatransport:transport-runtime:2.2.6] AndroidManifest.xml:33:13-132
94            android:exported="false" />
94-->[com.google.android.datatransport:transport-runtime:2.2.6] AndroidManifest.xml:34:13-37
95
96        <activity
96-->[com.google.android.gms:play-services-base:17.6.0] AndroidManifest.xml:23:9-26:75
97            android:name="com.google.android.gms.common.api.GoogleApiActivity"
97-->[com.google.android.gms:play-services-base:17.6.0] AndroidManifest.xml:24:13-79
98            android:exported="false"
98-->[com.google.android.gms:play-services-base:17.6.0] AndroidManifest.xml:25:13-37
99            android:theme="@android:style/Theme.Translucent.NoTitleBar" />
99-->[com.google.android.gms:play-services-base:17.6.0] AndroidManifest.xml:26:13-72
100
101        <meta-data
101-->[com.google.android.gms:play-services-basement:17.6.0] AndroidManifest.xml:23:9-25:69
102            android:name="com.google.android.gms.version"
102-->[com.google.android.gms:play-services-basement:17.6.0] AndroidManifest.xml:24:13-58
103            android:value="@integer/google_play_services_version" />
103-->[com.google.android.gms:play-services-basement:17.6.0] AndroidManifest.xml:25:13-66
104    </application>
105
106</manifest>